<?xml version="1.0" encoding="UTF-8" ?>
<testsuite tests="6" failures="1" name="testRunner.TestRun" time="137.259" errors="0" skipped="0">
  <properties>
[...]
</properties>
  <testcase classname="Add a new Customer" name="Add a new customer" time="44.74"/>
  <testcase classname="Add a new Customer" name="Search Customer by EMailID" time="25.793"/>
  <testcase classname="Add a new Customer" name="Search Customer by Name" time="24.37"/>
  <testcase classname="Login" name="Successful Login with Valid Credentials" time="17.157"/>
  <testcase classname="Login" name="Successful Login with Valid Credentials" time="15.415"/>
  <testcase classname="Login" name="Successful Login with Valid Credentials" time="9.784">
    <failure type="java.lang.AssertionError">java.lang.AssertionError
	at org.junit.Assert.fail(Assert.java:86)
	at org.junit.Assert.assertTrue(Assert.java:41)
	at org.junit.Assert.assertTrue(Assert.java:52)
	at stepDefinitions.Steps.page_Title_after_login_should_be(Steps.java:46)
	at ✽.Page Title after login should be &quot;Dashboard / nopCommerce administration&quot;(file:///D:/Education/IntelliJ_Projects/Cucumber_Project_2/Features/Login.feature:18)
</failure>
    <system-out>
Scenario Outline: Successful Login with Valid Credentials                        # Features/Login.feature:26
  Given User Launch Chrome Browser                                               # stepDefinitions.Steps.user_Launch_Chrome_Browser()
  When User opens URL &quot;https://admin-demo.nopcommerce.com/login&quot;                 # stepDefinitions.Steps.user_opens_URL(java.lang.String)
  When User enters Email as &quot;admin1@yourstore.com&quot; and Password as &quot;admin123&quot;    # stepDefinitions.Steps.user_enters_Email_as_and_Password_as(java.lang.String,java.lang.String)
  And click on Login                                                             # stepDefinitions.Steps.click_on_Login()
  Then Page Title after login should be &quot;Dashboard / nopCommerce administration&quot; # stepDefinitions.Steps.page_Title_after_login_should_be(java.lang.String)
      java.lang.AssertionError
	at org.junit.Assert.fail(Assert.java:86)
	at org.junit.Assert.assertTrue(Assert.java:41)
	at org.junit.Assert.assertTrue(Assert.java:52)
	at stepDefinitions.Steps.page_Title_after_login_should_be(Steps.java:46)
	at ?.Page Title after login should be &quot;Dashboard / nopCommerce administration&quot;(file:///D:/Education/IntelliJ_Projects/Cucumber_Project_2/Features/Login.feature:18)

  When User click on Log out link                                                # stepDefinitions.Steps.user_click_on_Log_out_link()
  Then Page Title after logout should be &quot;Your store. Login&quot;                     # stepDefinitions.Steps.page_Title_after_logout_should_be(java.lang.String)
  And close browser                                                              # stepDefinitions.Steps.close_browser()
</system-out>
    <system-err>Starting ChromeDriver 2.43.600210 (68dcf5eebde37173d4027fa8635e332711d2874a) on port 37247
Only local connections are allowed.
[1585857081.687][WARNING]: Timed out connecting to Chrome, retrying...
Apr 02, 2020 8:51:23 PM org.openqa.selenium.remote.ProtocolHandshake createSession
INFO: Detected dialect: OSS
</system-err>
  </testcase>
</testsuite>