<?xml version="1.0" encoding="UTF-8"?>
<!-- Generated by org.testng.reporters.JUnitXMLReporter -->
<testsuite ignored="0" hostname="LAPTOP-5VTEB8JI" failures="6" tests="34" name="EmployeesRestAPITest" time="28.155" errors="0" timestamp="2020-04-08T21:37:08 IST">
  <testcase classname="com.employeeapi.testCases.TC001_Get_All_Employees" name="checkContentLenght" time="0.003"/>
  <testcase classname="com.employeeapi.testCases.TC001_Get_All_Employees" name="checkContentType" time="0.001"/>
  <testcase classname="com.employeeapi.testCases.TC001_Get_All_Employees" name="checkCookies" time="0.001"/>
  <testcase classname="com.employeeapi.testCases.TC001_Get_All_Employees" name="checkResponseTime" time="0.001"/>
  <testcase classname="com.employeeapi.testCases.TC001_Get_All_Employees" name="checkResposeBody" time="0.019"/>
  <testcase classname="com.employeeapi.testCases.TC001_Get_All_Employees" name="checkStatusCode" time="0.001"/>
  <testcase classname="com.employeeapi.testCases.TC001_Get_All_Employees" name="checkcontentEncoding" time="0.0"/>
  <testcase classname="com.employeeapi.testCases.TC001_Get_All_Employees" name="checkserverType" time="0.001"/>
  <testcase classname="com.employeeapi.testCases.TC001_Get_All_Employees" name="checkstatusLine" time="0.001"/>
  <testcase classname="com.employeeapi.testCases.TC002_Get_Single_Employee_Record" name="checkContentLenght" time="0.0">
    <failure type="java.lang.NumberFormatException" message="null">
      <![CDATA[java.lang.NumberFormatException: null
at java.base/java.lang.Integer.parseInt(Integer.java:620)
at java.base/java.lang.Integer.parseInt(Integer.java:776)
at com.employeeapi.testCases.TC002_Get_Single_Employee_Record.checkContentLenght(TC002_Get_Single_Employee_Record.java:79)
at java.base/java.util.ArrayList.forEach(ArrayList.java:1507)
... Removed 30 stack frames]]>
    </failure>
  </testcase> <!-- checkContentLenght -->
  <testcase classname="com.employeeapi.testCases.TC002_Get_Single_Employee_Record" name="checkContentType" time="0.001"/>
  <testcase classname="com.employeeapi.testCases.TC002_Get_Single_Employee_Record" name="checkResponseTime" time="0.0"/>
  <testcase classname="com.employeeapi.testCases.TC002_Get_Single_Employee_Record" name="checkResposeBody" time="0.005"/>
  <testcase classname="com.employeeapi.testCases.TC002_Get_Single_Employee_Record" name="checkStatusCode" time="0.0"/>
  <testcase classname="com.employeeapi.testCases.TC002_Get_Single_Employee_Record" name="checkserverType" time="0.0"/>
  <testcase classname="com.employeeapi.testCases.TC002_Get_Single_Employee_Record" name="checkstatusLine" time="0.0"/>
  <testcase classname="com.employeeapi.testCases.TC003_Post_Employee_Record" name="checkContentType" time="0.0"/>
  <testcase classname="com.employeeapi.testCases.TC003_Post_Employee_Record" name="checkResposeBody" time="0.001"/>
  <testcase classname="com.employeeapi.testCases.TC003_Post_Employee_Record" name="checkStatusCode" time="0.0"/>
  <testcase classname="com.employeeapi.testCases.TC003_Post_Employee_Record" name="checkcontentEncoding" time="0.0">
    <failure type="java.lang.AssertionError" message="expected [gzip] but found [null]">
      <![CDATA[java.lang.AssertionError: expected [gzip] but found [null]
at com.employeeapi.testCases.TC003_Post_Employee_Record.checkcontentEncoding(TC003_Post_Employee_Record.java:94)
at java.base/java.util.ArrayList.forEach(ArrayList.java:1507)
... Removed 36 stack frames]]>
    </failure>
  </testcase> <!-- checkcontentEncoding -->
  <testcase classname="com.employeeapi.testCases.TC003_Post_Employee_Record" name="checkserverType" time="0.0"/>
  <testcase classname="com.employeeapi.testCases.TC003_Post_Employee_Record" name="checkstatusLine" time="0.001"/>
  <testcase classname="com.employeeapi.testCases.TC004_Put_Employee_Record" name="checkContentType" time="0.0"/>
  <testcase classname="com.employeeapi.testCases.TC004_Put_Employee_Record" name="checkResposeBody" time="0.0">
    <failure type="java.lang.AssertionError" message="expected [true] but found [false]">
      <![CDATA[java.lang.AssertionError: expected [true] but found [false]
at com.employeeapi.testCases.TC004_Put_Employee_Record.checkResposeBody(TC004_Put_Employee_Record.java:56)
at java.base/java.util.ArrayList.forEach(ArrayList.java:1507)
... Removed 35 stack frames]]>
    </failure>
  </testcase> <!-- checkResposeBody -->
  <testcase classname="com.employeeapi.testCases.TC004_Put_Employee_Record" name="checkStatusCode" time="0.0"/>
  <testcase classname="com.employeeapi.testCases.TC004_Put_Employee_Record" name="checkcontentEncoding" time="0.0">
    <failure type="java.lang.AssertionError" message="expected [gzip] but found [null]">
      <![CDATA[java.lang.AssertionError: expected [gzip] but found [null]
at com.employeeapi.testCases.TC004_Put_Employee_Record.checkcontentEncoding(TC004_Put_Employee_Record.java:94)
at java.base/java.util.ArrayList.forEach(ArrayList.java:1507)
... Removed 36 stack frames]]>
    </failure>
  </testcase> <!-- checkcontentEncoding -->
  <testcase classname="com.employeeapi.testCases.TC004_Put_Employee_Record" name="checkserverType" time="0.001"/>
  <testcase classname="com.employeeapi.testCases.TC004_Put_Employee_Record" name="checkstatusLine" time="0.0"/>
  <testcase classname="com.employeeapi.testCases.TC005_Delete_Employee_Record" name="checkContentType" time="0.0"/>
  <testcase classname="com.employeeapi.testCases.TC005_Delete_Employee_Record" name="checkResposeBody" time="0.0">
    <failure type="java.lang.AssertionError" message="expected [true] but found [false]">
      <![CDATA[java.lang.AssertionError: expected [true] but found [false]
at com.employeeapi.testCases.TC005_Delete_Employee_Record.checkResposeBody(TC005_Delete_Employee_Record.java:44)
at java.base/java.util.ArrayList.forEach(ArrayList.java:1507)
... Removed 35 stack frames]]>
    </failure>
  </testcase> <!-- checkResposeBody -->
  <testcase classname="com.employeeapi.testCases.TC005_Delete_Employee_Record" name="checkStatusCode" time="0.0"/>
  <testcase classname="com.employeeapi.testCases.TC005_Delete_Employee_Record" name="checkcontentEncoding" time="0.0">
    <failure type="java.lang.AssertionError" message="expected [gzip] but found [null]">
      <![CDATA[java.lang.AssertionError: expected [gzip] but found [null]
at com.employeeapi.testCases.TC005_Delete_Employee_Record.checkcontentEncoding(TC005_Delete_Employee_Record.java:81)
at java.base/java.util.ArrayList.forEach(ArrayList.java:1507)
... Removed 36 stack frames]]>
    </failure>
  </testcase> <!-- checkcontentEncoding -->
  <testcase classname="com.employeeapi.testCases.TC005_Delete_Employee_Record" name="checkserverType" time="0.0"/>
  <testcase classname="com.employeeapi.testCases.TC005_Delete_Employee_Record" name="checkstatusLine" time="0.0"/>
</testsuite> <!-- EmployeesRestAPITest -->
